2024-12-17 18:05:34.383 [info] [main] Log level: Info
2024-12-17 18:05:34.383 [info] [main] Validating found git in: "git"
2024-12-17 18:05:34.383 [info] [main] Using git "2.34.1" from "git"
2024-12-17 18:05:34.383 [info] [Model][doInitialScan] Initial repository scan started
2024-12-17 18:05:34.383 [info] > git rev-parse --show-toplevel [7ms]
2024-12-17 18:05:34.383 [info] fatal: not a git repository (or any of the parent directories): .git
2024-12-17 18:05:34.388 [info] > git rev-parse --show-toplevel [0ms]
2024-12-17 18:05:34.388 [info] fatal: not a git repository (or any of the parent directories): .git
2024-12-17 18:05:34.393 [info] > git rev-parse --show-toplevel [1ms]
2024-12-17 18:05:34.393 [info] fatal: not a git repository (or any of the parent directories): .git
2024-12-17 18:05:34.398 [info] > git rev-parse --show-toplevel [1ms]
2024-12-17 18:05:34.398 [info] fatal: not a git repository (or any of the parent directories): .git
2024-12-17 18:05:34.402 [info] > git rev-parse --show-toplevel [1ms]
2024-12-17 18:05:34.402 [info] fatal: not a git repository (or any of the parent directories): .git
2024-12-17 18:05:34.406 [info] > git rev-parse --show-toplevel [1ms]
2024-12-17 18:05:34.406 [info] fatal: not a git repository (or any of the parent directories): .git
2024-12-17 18:05:34.411 [info] > git rev-parse --show-toplevel [1ms]
2024-12-17 18:05:34.411 [info] fatal: not a git repository (or any of the parent directories): .git
2024-12-17 18:05:34.415 [info] > git rev-parse --show-toplevel [1ms]
2024-12-17 18:05:34.415 [info] fatal: not a git repository (or any of the parent directories): .git
2024-12-17 18:05:34.420 [info] > git rev-parse --show-toplevel [1ms]
2024-12-17 18:05:34.420 [info] fatal: not a git repository (or any of the parent directories): .git
2024-12-17 18:05:34.424 [info] > git rev-parse --show-toplevel [1ms]
2024-12-17 18:05:34.424 [info] fatal: not a git repository (or any of the parent directories): .git
2024-12-17 18:05:34.429 [info] > git rev-parse --show-toplevel [1ms]
2024-12-17 18:05:34.429 [info] fatal: not a git repository (or any of the parent directories): .git
2024-12-17 18:05:34.434 [info] > git rev-parse --show-toplevel [1ms]
2024-12-17 18:05:34.434 [info] fatal: not a git repository (or any of the parent directories): .git
2024-12-17 18:05:34.438 [info] > git rev-parse --show-toplevel [0ms]
2024-12-17 18:05:34.438 [info] fatal: not a git repository (or any of the parent directories): .git
2024-12-17 18:05:34.440 [info] [Model][doInitialScan] Initial repository scan completed - repositories (0), closed repositories (0), parent repositories (0), unsafe repositories (0)
